<?xml version="1.0" encoding="UTF-8"?>
<testsuite name="com.dws.challenge.AccountsServiceTest" tests="8" skipped="0" failures="0" errors="0" timestamp="2024-07-07T16:26:25" hostname="DEVANSHI" time="0.297">
  <properties/>
  <testcase name="TransferMoneyNotEnoughBalanceExceptionTest()" classname="com.dws.challenge.AccountsServiceTest" time="0.245"/>
  <testcase name="TransferMoneyMinTransferAmountExceptionTest()" classname="com.dws.challenge.AccountsServiceTest" time="0.005"/>
  <testcase name="TransferMoneyTest()" classname="com.dws.challenge.AccountsServiceTest" time="0.007"/>
  <testcase name="TransferMoneyAccountIdNotFoundExceptionTest()" classname="com.dws.challenge.AccountsServiceTest" time="0.004"/>
  <testcase name="addAccount()" classname="com.dws.challenge.AccountsServiceTest" time="0.005"/>
  <testcase name="concurrentTransferMoneyTest()" classname="com.dws.challenge.AccountsServiceTest" time="0.01"/>
  <testcase name="updateAccount()" classname="com.dws.challenge.AccountsServiceTest" time="0.004"/>
  <testcase name="addAccount_failsOnDuplicateId()" classname="com.dws.challenge.AccountsServiceTest" time="0.005"/>
  <system-out><![CDATA[21:56:23.485 [Test worker] DEBUG org.springframework.test.context.BootstrapUtils - Instantiating CacheAwareContextLoaderDelegate from class [org.springframework.test.context.cache.DefaultCacheAwareContextLoaderDelegate]
21:56:23.501 [Test worker] DEBUG org.springframework.test.context.BootstrapUtils - Instantiating BootstrapContext using constructor [public org.springframework.test.context.support.DefaultBootstrapContext(java.lang.Class,org.springframework.test.context.CacheAwareContextLoaderDelegate)]
21:56:23.533 [Test worker] DEBUG org.springframework.test.context.BootstrapUtils - Instantiating TestContextBootstrapper for test class [com.dws.challenge.AccountsServiceTest] from class [org.springframework.boot.test.context.SpringBootTestContextBootstrapper]
21:56:23.540 [Test worker] INFO org.springframework.boot.test.context.SpringBootTestContextBootstrapper - Neither @ContextConfiguration nor @ContextHierarchy found for test class [com.dws.challenge.AccountsServiceTest], using SpringBootContextLoader
21:56:23.548 [Test worker] DEBUG org.springframework.test.context.support.AbstractContextLoader - Did not detect default resource location for test class [com.dws.challenge.AccountsServiceTest]: class path resource [com/dws/challenge/AccountsServiceTest-context.xml] does not exist
21:56:23.548 [Test worker] DEBUG org.springframework.test.context.support.AbstractContextLoader - Did not detect default resource location for test class [com.dws.challenge.AccountsServiceTest]: class path resource [com/dws/challenge/AccountsServiceTestContext.groovy] does not exist
21:56:23.549 [Test worker] INFO org.springframework.test.context.support.AbstractContextLoader - Could not detect default resource locations for test class [com.dws.challenge.AccountsServiceTest]: no resource found for suffixes {-context.xml, Context.groovy}.
21:56:23.549 [Test worker] INFO org.springframework.test.context.support.AnnotationConfigContextLoaderUtils - Could not detect default configuration classes for test class [com.dws.challenge.AccountsServiceTest]: AccountsServiceTest does not declare any static, non-private, non-final, nested classes annotated with @Configuration.
21:56:23.585 [Test worker] DEBUG org.springframework.test.context.support.ActiveProfilesUtils - Could not find an 'annotation declaring class' for annotation type [org.springframework.test.context.ActiveProfiles] and class [com.dws.challenge.AccountsServiceTest]
21:56:23.644 [Test worker] DEBUG org.springframework.context.annotation.ClassPathScanningCandidateComponentProvider - Identified candidate component class: file [D:\Abhik\Code\challenge\build\classes\java\main\com\dws\challenge\ChallengeApplication.class]
21:56:23.644 [Test worker] INFO org.springframework.boot.test.context.SpringBootTestContextBootstrapper - Found @SpringBootConfiguration com.dws.challenge.ChallengeApplication for test class com.dws.challenge.AccountsServiceTest
21:56:23.738 [Test worker] DEBUG org.springframework.boot.test.context.SpringBootTestContextBootstrapper - @TestExecutionListeners is not present for class [com.dws.challenge.AccountsServiceTest]: using defaults.
21:56:23.738 [Test worker] INFO org.springframework.boot.test.context.SpringBootTestContextBootstrapper - Loaded default TestExecutionListener class names from location [META-INF/spring.factories]: [org.springframework.boot.test.autoconfigure.restdocs.RestDocsTestExecutionListener, org.springframework.boot.test.autoconfigure.web.client.MockRestServiceServerResetTestExecutionListener, org.springframework.boot.test.autoconfigure.web.servlet.MockMvcPrintOnlyOnFailureTestExecutionListener, org.springframework.boot.test.autoconfigure.web.servlet.WebDriverTestExecutionListener, org.springframework.boot.test.autoconfigure.webservices.client.MockWebServiceServerTestExecutionListener, org.springframework.boot.test.mock.mockito.MockitoTestExecutionListener, org.springframework.boot.test.mock.mockito.ResetMocksTestExecutionListener, org.springframework.test.context.web.ServletTestExecutionListener, org.springframework.test.context.support.DirtiesContextBeforeModesTestExecutionListener, org.springframework.test.context.event.ApplicationEventsTestExecutionListener, org.springframework.test.context.support.DependencyInjectionTestExecutionListener, org.springframework.test.context.support.DirtiesContextTestExecutionListener, org.springframework.test.context.transaction.TransactionalTestExecutionListener, org.springframework.test.context.jdbc.SqlScriptsTestExecutionListener, org.springframework.test.context.event.EventPublishingTestExecutionListener]
21:56:23.743 [Test worker] DEBUG org.springframework.boot.test.context.SpringBootTestContextBootstrapper - Skipping candidate TestExecutionListener [org.springframework.test.context.transaction.TransactionalTestExecutionListener] due to a missing dependency. Specify custom listener classes or make the default listener classes and their required dependencies available. Offending class: [org/springframework/transaction/interceptor/TransactionAttributeSource]
21:56:23.743 [Test worker] DEBUG org.springframework.boot.test.context.SpringBootTestContextBootstrapper - Skipping candidate TestExecutionListener [org.springframework.test.context.jdbc.SqlScriptsTestExecutionListener] due to a missing dependency. Specify custom listener classes or make the default listener classes and their required dependencies available. Offending class: [org/springframework/transaction/interceptor/TransactionAttribute]
21:56:23.743 [Test worker] INFO org.springframework.boot.test.context.SpringBootTestContextBootstrapper - Using TestExecutionListeners: [org.springframework.test.context.web.ServletTestExecutionListener@29526c05, org.springframework.test.context.support.DirtiesContextBeforeModesTestExecutionListener@2ef14fe, org.springframework.test.context.event.ApplicationEventsTestExecutionListener@77102b91, org.springframework.boot.test.mock.mockito.MockitoTestExecutionListener@45312be2, org.springframework.boot.test.autoconfigure.SpringBootDependencyInjectionTestExecutionListener@7fb95505, org.springframework.test.context.support.DirtiesContextTestExecutionListener@58be6e8, org.springframework.test.context.event.EventPublishingTestExecutionListener@7331196b, org.springframework.boot.test.autoconfigure.restdocs.RestDocsTestExecutionListener@3f9342d4, org.springframework.boot.test.autoconfigure.web.client.MockRestServiceServerResetTestExecutionListener@ab7395e, org.springframework.boot.test.autoconfigure.web.servlet.MockMvcPrintOnlyOnFailureTestExecutionListener@50d13246, org.springframework.boot.test.autoconfigure.web.servlet.WebDriverTestExecutionListener@2bd08376, org.springframework.boot.test.autoconfigure.webservices.client.MockWebServiceServerTestExecutionListener@e70f13a, org.springframework.boot.test.mock.mockito.ResetMocksTestExecutionListener@3d3e5463]
21:56:23.754 [Test worker] DEBUG org.springframework.test.context.support.AbstractDirtiesContextTestExecutionListener - Before test class: context [DefaultTestContext@1b84f475 testClass = AccountsServiceTest, testInstance = [null], testMethod = [null], testException = [null], mergedContextConfiguration = [WebMergedContextConfiguration@7749bf93 testClass = AccountsServiceTest, locations = '{}', classes = '{class com.dws.challenge.ChallengeApplication}', contextInitializerClasses = '[]', activeProfiles = '{}', propertySourceLocations = '{}', propertySourceProperties = '{org.springframework.boot.test.context.SpringBootTestContextBootstrapper=true}', contextCustomizers = set[org.springframework.boot.test.autoconfigure.actuate.metrics.MetricsExportContextCustomizerFactory$DisableMetricExportContextCustomizer@303cf2ba, org.springframework.boot.test.autoconfigure.properties.PropertyMappingContextCustomizer@0, org.springframework.boot.test.autoconfigure.web.servlet.WebDriverContextCustomizerFactory$Customizer@25be7b63, org.springframework.boot.test.context.filter.ExcludeFilterContextCustomizer@4a8355dd, org.springframework.boot.test.json.DuplicateJsonObjectContextCustomizerFactory$DuplicateJsonObjectContextCustomizer@312aa7c, org.springframework.boot.test.mock.mockito.MockitoContextCustomizer@0, org.springframework.boot.test.web.client.TestRestTemplateContextCustomizer@43f02ef2, org.springframework.boot.test.context.SpringBootTestArgs@1, org.springframework.boot.test.context.SpringBootTestWebEnvironment@460d0a57], resourceBasePath = 'src/main/webapp', contextLoader = 'org.springframework.boot.test.context.SpringBootContextLoader', parent = [null]], attributes = map['org.springframework.test.context.web.ServletTestExecutionListener.activateListener' -> true]], class annotated with @DirtiesContext [false] with mode [null].

  .   ____          _            __ _ _
 /\\ / ___'_ __ _ _(_)_ __  __ _ \ \ \ \
( ( )\___ | '_ | '_| | '_ \/ _` | \ \ \ \
 \\/  ___)| |_)| | | | | || (_| |  ) ) ) )
  '  |____| .__|_| |_|_| |_\__, | / / / /
 =========|_|==============|___/=/_/_/_/
 :: Spring Boot ::                (v2.6.6)

2024-07-07 21:56:24.015  INFO 28088 --- [    Test worker] com.dws.challenge.AccountsServiceTest    : Starting AccountsServiceTest using Java 1.8.0_391 on Devanshi with PID 28088 (started by Hp in D:\Abhik\Code\challenge)
2024-07-07 21:56:24.015  INFO 28088 --- [    Test worker] com.dws.challenge.AccountsServiceTest    : No active profile set, falling back to 1 default profile: "default"
2024-07-07 21:56:25.286  INFO 28088 --- [    Test worker] com.dws.challenge.AccountsServiceTest    : Started AccountsServiceTest in 1.515 seconds (JVM running for 2.678)
2024-07-07 21:56:25.574  INFO 28088 --- [    Test worker] c.d.c.service.EmailNotificationService   : Sending notification to owner of 9565da19-22b6-42a2-a6f9-89223cce0e4d: Amount of 50 has to sent to Account number ab9cee37-cd22-41c2-9d10-20149bf14313
2024-07-07 21:56:25.574  INFO 28088 --- [    Test worker] c.d.c.service.EmailNotificationService   : Sending notification to owner of ab9cee37-cd22-41c2-9d10-20149bf14313: Amount of 50 has been received from Account number 9565da19-22b6-42a2-a6f9-89223cce0e4d
2024-07-07 21:56:25.600  INFO 28088 --- [pool-1-thread-1] c.d.c.service.EmailNotificationService   : Sending notification to owner of 6e008cd0-6450-4333-96e3-09dba083a809: Amount of 3 has to sent to Account number 83d6f7d0-ed8b-42fe-aef7-120d51c6073d
2024-07-07 21:56:25.600  INFO 28088 --- [pool-1-thread-1] c.d.c.service.EmailNotificationService   : Sending notification to owner of 83d6f7d0-ed8b-42fe-aef7-120d51c6073d: Amount of 3 has been received from Account number 6e008cd0-6450-4333-96e3-09dba083a809
2024-07-07 21:56:25.600  INFO 28088 --- [ool-1-thread-10] c.d.c.service.EmailNotificationService   : Sending notification to owner of 6e008cd0-6450-4333-96e3-09dba083a809: Amount of 9 has to sent to Account number 83d6f7d0-ed8b-42fe-aef7-120d51c6073d
2024-07-07 21:56:25.600  INFO 28088 --- [ool-1-thread-10] c.d.c.service.EmailNotificationService   : Sending notification to owner of 83d6f7d0-ed8b-42fe-aef7-120d51c6073d: Amount of 9 has been received from Account number 6e008cd0-6450-4333-96e3-09dba083a809
2024-07-07 21:56:25.600  INFO 28088 --- [pool-1-thread-9] c.d.c.service.EmailNotificationService   : Sending notification to owner of 6e008cd0-6450-4333-96e3-09dba083a809: Amount of 4 has to sent to Account number 83d6f7d0-ed8b-42fe-aef7-120d51c6073d
2024-07-07 21:56:25.600  INFO 28088 --- [pool-1-thread-9] c.d.c.service.EmailNotificationService   : Sending notification to owner of 83d6f7d0-ed8b-42fe-aef7-120d51c6073d: Amount of 4 has been received from Account number 6e008cd0-6450-4333-96e3-09dba083a809
2024-07-07 21:56:25.600  INFO 28088 --- [pool-1-thread-8] c.d.c.service.EmailNotificationService   : Sending notification to owner of 6e008cd0-6450-4333-96e3-09dba083a809: Amount of 9 has to sent to Account number 83d6f7d0-ed8b-42fe-aef7-120d51c6073d
2024-07-07 21:56:25.600  INFO 28088 --- [pool-1-thread-8] c.d.c.service.EmailNotificationService   : Sending notification to owner of 83d6f7d0-ed8b-42fe-aef7-120d51c6073d: Amount of 9 has been received from Account number 6e008cd0-6450-4333-96e3-09dba083a809
2024-07-07 21:56:25.604  INFO 28088 --- [pool-1-thread-7] c.d.c.service.EmailNotificationService   : Sending notification to owner of 6e008cd0-6450-4333-96e3-09dba083a809: Amount of 2 has to sent to Account number 83d6f7d0-ed8b-42fe-aef7-120d51c6073d
2024-07-07 21:56:25.604  INFO 28088 --- [pool-1-thread-7] c.d.c.service.EmailNotificationService   : Sending notification to owner of 83d6f7d0-ed8b-42fe-aef7-120d51c6073d: Amount of 2 has been received from Account number 6e008cd0-6450-4333-96e3-09dba083a809
2024-07-07 21:56:25.604  INFO 28088 --- [pool-1-thread-6] c.d.c.service.EmailNotificationService   : Sending notification to owner of 6e008cd0-6450-4333-96e3-09dba083a809: Amount of 8 has to sent to Account number 83d6f7d0-ed8b-42fe-aef7-120d51c6073d
2024-07-07 21:56:25.604  INFO 28088 --- [pool-1-thread-6] c.d.c.service.EmailNotificationService   : Sending notification to owner of 83d6f7d0-ed8b-42fe-aef7-120d51c6073d: Amount of 8 has been received from Account number 6e008cd0-6450-4333-96e3-09dba083a809
2024-07-07 21:56:25.605  INFO 28088 --- [pool-1-thread-4] c.d.c.service.EmailNotificationService   : Sending notification to owner of 6e008cd0-6450-4333-96e3-09dba083a809: Amount of 5 has to sent to Account number 83d6f7d0-ed8b-42fe-aef7-120d51c6073d
2024-07-07 21:56:25.605  INFO 28088 --- [pool-1-thread-4] c.d.c.service.EmailNotificationService   : Sending notification to owner of 83d6f7d0-ed8b-42fe-aef7-120d51c6073d: Amount of 5 has been received from Account number 6e008cd0-6450-4333-96e3-09dba083a809
2024-07-07 21:56:25.605  INFO 28088 --- [pool-1-thread-5] c.d.c.service.EmailNotificationService   : Sending notification to owner of 6e008cd0-6450-4333-96e3-09dba083a809: Amount of 8 has to sent to Account number 83d6f7d0-ed8b-42fe-aef7-120d51c6073d
2024-07-07 21:56:25.605  INFO 28088 --- [pool-1-thread-5] c.d.c.service.EmailNotificationService   : Sending notification to owner of 83d6f7d0-ed8b-42fe-aef7-120d51c6073d: Amount of 8 has been received from Account number 6e008cd0-6450-4333-96e3-09dba083a809
2024-07-07 21:56:25.606  INFO 28088 --- [pool-1-thread-3] c.d.c.service.EmailNotificationService   : Sending notification to owner of 6e008cd0-6450-4333-96e3-09dba083a809: Amount of 9 has to sent to Account number 83d6f7d0-ed8b-42fe-aef7-120d51c6073d
2024-07-07 21:56:25.606  INFO 28088 --- [pool-1-thread-3] c.d.c.service.EmailNotificationService   : Sending notification to owner of 83d6f7d0-ed8b-42fe-aef7-120d51c6073d: Amount of 9 has been received from Account number 6e008cd0-6450-4333-96e3-09dba083a809
2024-07-07 21:56:25.606  INFO 28088 --- [pool-1-thread-2] c.d.c.service.EmailNotificationService   : Sending notification to owner of 6e008cd0-6450-4333-96e3-09dba083a809: Amount of 9 has to sent to Account number 83d6f7d0-ed8b-42fe-aef7-120d51c6073d
2024-07-07 21:56:25.606  INFO 28088 --- [pool-1-thread-2] c.d.c.service.EmailNotificationService   : Sending notification to owner of 83d6f7d0-ed8b-42fe-aef7-120d51c6073d: Amount of 9 has been received from Account number 6e008cd0-6450-4333-96e3-09dba083a809
2024-07-07 21:56:25.606  INFO 28088 --- [pool-1-thread-3] c.d.c.service.EmailNotificationService   : Sending notification to owner of 6e008cd0-6450-4333-96e3-09dba083a809: Amount of 7 has to sent to Account number 83d6f7d0-ed8b-42fe-aef7-120d51c6073d
2024-07-07 21:56:25.608  INFO 28088 --- [pool-1-thread-3] c.d.c.service.EmailNotificationService   : Sending notification to owner of 83d6f7d0-ed8b-42fe-aef7-120d51c6073d: Amount of 7 has been received from Account number 6e008cd0-6450-4333-96e3-09dba083a809
2024-07-07 21:56:25.608  INFO 28088 --- [pool-1-thread-3] c.d.c.service.EmailNotificationService   : Sending notification to owner of 6e008cd0-6450-4333-96e3-09dba083a809: Amount of 4 has to sent to Account number 83d6f7d0-ed8b-42fe-aef7-120d51c6073d
2024-07-07 21:56:25.608  INFO 28088 --- [pool-1-thread-3] c.d.c.service.EmailNotificationService   : Sending notification to owner of 83d6f7d0-ed8b-42fe-aef7-120d51c6073d: Amount of 4 has been received from Account number 6e008cd0-6450-4333-96e3-09dba083a809
2024-07-07 21:56:25.608  INFO 28088 --- [pool-1-thread-5] c.d.c.service.EmailNotificationService   : Sending notification to owner of 6e008cd0-6450-4333-96e3-09dba083a809: Amount of 9 has to sent to Account number 83d6f7d0-ed8b-42fe-aef7-120d51c6073d
2024-07-07 21:56:25.608  INFO 28088 --- [pool-1-thread-5] c.d.c.service.EmailNotificationService   : Sending notification to owner of 83d6f7d0-ed8b-42fe-aef7-120d51c6073d: Amount of 9 has been received from Account number 6e008cd0-6450-4333-96e3-09dba083a809
2024-07-07 21:56:25.608  INFO 28088 --- [pool-1-thread-4] c.d.c.service.EmailNotificationService   : Sending notification to owner of 6e008cd0-6450-4333-96e3-09dba083a809: Amount of 7 has to sent to Account number 83d6f7d0-ed8b-42fe-aef7-120d51c6073d
2024-07-07 21:56:25.608  INFO 28088 --- [pool-1-thread-4] c.d.c.service.EmailNotificationService   : Sending notification to owner of 83d6f7d0-ed8b-42fe-aef7-120d51c6073d: Amount of 7 has been received from Account number 6e008cd0-6450-4333-96e3-09dba083a809
2024-07-07 21:56:25.608  INFO 28088 --- [pool-1-thread-6] c.d.c.service.EmailNotificationService   : Sending notification to owner of 6e008cd0-6450-4333-96e3-09dba083a809: Amount of 7 has to sent to Account number 83d6f7d0-ed8b-42fe-aef7-120d51c6073d
2024-07-07 21:56:25.608  INFO 28088 --- [pool-1-thread-6] c.d.c.service.EmailNotificationService   : Sending notification to owner of 83d6f7d0-ed8b-42fe-aef7-120d51c6073d: Amount of 7 has been received from Account number 6e008cd0-6450-4333-96e3-09dba083a809
2024-07-07 21:56:25.608  INFO 28088 --- [pool-1-thread-7] c.d.c.service.EmailNotificationService   : Sending notification to owner of 6e008cd0-6450-4333-96e3-09dba083a809: Amount of 3 has to sent to Account number 83d6f7d0-ed8b-42fe-aef7-120d51c6073d
2024-07-07 21:56:25.608  INFO 28088 --- [pool-1-thread-7] c.d.c.service.EmailNotificationService   : Sending notification to owner of 83d6f7d0-ed8b-42fe-aef7-120d51c6073d: Amount of 3 has been received from Account number 6e008cd0-6450-4333-96e3-09dba083a809
2024-07-07 21:56:25.608  INFO 28088 --- [pool-1-thread-8] c.d.c.service.EmailNotificationService   : Sending notification to owner of 6e008cd0-6450-4333-96e3-09dba083a809: Amount of 9 has to sent to Account number 83d6f7d0-ed8b-42fe-aef7-120d51c6073d
2024-07-07 21:56:25.608  INFO 28088 --- [pool-1-thread-8] c.d.c.service.EmailNotificationService   : Sending notification to owner of 83d6f7d0-ed8b-42fe-aef7-120d51c6073d: Amount of 9 has been received from Account number 6e008cd0-6450-4333-96e3-09dba083a809
2024-07-07 21:56:25.608  INFO 28088 --- [pool-1-thread-9] c.d.c.service.EmailNotificationService   : Sending notification to owner of 6e008cd0-6450-4333-96e3-09dba083a809: Amount of 3 has to sent to Account number 83d6f7d0-ed8b-42fe-aef7-120d51c6073d
2024-07-07 21:56:25.608  INFO 28088 --- [pool-1-thread-9] c.d.c.service.EmailNotificationService   : Sending notification to owner of 83d6f7d0-ed8b-42fe-aef7-120d51c6073d: Amount of 3 has been received from Account number 6e008cd0-6450-4333-96e3-09dba083a809
2024-07-07 21:56:25.608  INFO 28088 --- [ool-1-thread-10] c.d.c.service.EmailNotificationService   : Sending notification to owner of 6e008cd0-6450-4333-96e3-09dba083a809: Amount of 10 has to sent to Account number 83d6f7d0-ed8b-42fe-aef7-120d51c6073d
2024-07-07 21:56:25.608  INFO 28088 --- [ool-1-thread-10] c.d.c.service.EmailNotificationService   : Sending notification to owner of 83d6f7d0-ed8b-42fe-aef7-120d51c6073d: Amount of 10 has been received from Account number 6e008cd0-6450-4333-96e3-09dba083a809
2024-07-07 21:56:25.608  INFO 28088 --- [pool-1-thread-1] c.d.c.service.EmailNotificationService   : Sending notification to owner of 6e008cd0-6450-4333-96e3-09dba083a809: Amount of 10 has to sent to Account number 83d6f7d0-ed8b-42fe-aef7-120d51c6073d
2024-07-07 21:56:25.608  INFO 28088 --- [pool-1-thread-1] c.d.c.service.EmailNotificationService   : Sending notification to owner of 83d6f7d0-ed8b-42fe-aef7-120d51c6073d: Amount of 10 has been received from Account number 6e008cd0-6450-4333-96e3-09dba083a809
2024-07-07 21:56:25.608  INFO 28088 --- [ool-1-thread-10] c.d.c.service.EmailNotificationService   : Sending notification to owner of 6e008cd0-6450-4333-96e3-09dba083a809: Amount of 7 has to sent to Account number 83d6f7d0-ed8b-42fe-aef7-120d51c6073d
2024-07-07 21:56:25.608  INFO 28088 --- [ool-1-thread-10] c.d.c.service.EmailNotificationService   : Sending notification to owner of 83d6f7d0-ed8b-42fe-aef7-120d51c6073d: Amount of 7 has been received from Account number 6e008cd0-6450-4333-96e3-09dba083a809
2024-07-07 21:56:25.608  INFO 28088 --- [pool-1-thread-9] c.d.c.service.EmailNotificationService   : Sending notification to owner of 6e008cd0-6450-4333-96e3-09dba083a809: Amount of 8 has to sent to Account number 83d6f7d0-ed8b-42fe-aef7-120d51c6073d
2024-07-07 21:56:25.608  INFO 28088 --- [pool-1-thread-9] c.d.c.service.EmailNotificationService   : Sending notification to owner of 83d6f7d0-ed8b-42fe-aef7-120d51c6073d: Amount of 8 has been received from Account number 6e008cd0-6450-4333-96e3-09dba083a809
2024-07-07 21:56:25.608  INFO 28088 --- [pool-1-thread-8] c.d.c.service.EmailNotificationService   : Sending notification to owner of 6e008cd0-6450-4333-96e3-09dba083a809: Amount of 5 has to sent to Account number 83d6f7d0-ed8b-42fe-aef7-120d51c6073d
2024-07-07 21:56:25.608  INFO 28088 --- [pool-1-thread-8] c.d.c.service.EmailNotificationService   : Sending notification to owner of 83d6f7d0-ed8b-42fe-aef7-120d51c6073d: Amount of 5 has been received from Account number 6e008cd0-6450-4333-96e3-09dba083a809
2024-07-07 21:56:25.608  INFO 28088 --- [pool-1-thread-7] c.d.c.service.EmailNotificationService   : Sending notification to owner of 6e008cd0-6450-4333-96e3-09dba083a809: Amount of 3 has to sent to Account number 83d6f7d0-ed8b-42fe-aef7-120d51c6073d
2024-07-07 21:56:25.608  INFO 28088 --- [pool-1-thread-7] c.d.c.service.EmailNotificationService   : Sending notification to owner of 83d6f7d0-ed8b-42fe-aef7-120d51c6073d: Amount of 3 has been received from Account number 6e008cd0-6450-4333-96e3-09dba083a809
2024-07-07 21:56:25.608  INFO 28088 --- [pool-1-thread-6] c.d.c.service.EmailNotificationService   : Sending notification to owner of 6e008cd0-6450-4333-96e3-09dba083a809: Amount of 10 has to sent to Account number 83d6f7d0-ed8b-42fe-aef7-120d51c6073d
2024-07-07 21:56:25.608  INFO 28088 --- [pool-1-thread-6] c.d.c.service.EmailNotificationService   : Sending notification to owner of 83d6f7d0-ed8b-42fe-aef7-120d51c6073d: Amount of 10 has been received from Account number 6e008cd0-6450-4333-96e3-09dba083a809
2024-07-07 21:56:25.608  INFO 28088 --- [pool-1-thread-4] c.d.c.service.EmailNotificationService   : Sending notification to owner of 6e008cd0-6450-4333-96e3-09dba083a809: Amount of 8 has to sent to Account number 83d6f7d0-ed8b-42fe-aef7-120d51c6073d
2024-07-07 21:56:25.608  INFO 28088 --- [pool-1-thread-4] c.d.c.service.EmailNotificationService   : Sending notification to owner of 83d6f7d0-ed8b-42fe-aef7-120d51c6073d: Amount of 8 has been received from Account number 6e008cd0-6450-4333-96e3-09dba083a809
2024-07-07 21:56:25.608  INFO 28088 --- [pool-1-thread-5] c.d.c.service.EmailNotificationService   : Sending notification to owner of 6e008cd0-6450-4333-96e3-09dba083a809: Amount of 9 has to sent to Account number 83d6f7d0-ed8b-42fe-aef7-120d51c6073d
2024-07-07 21:56:25.608  INFO 28088 --- [pool-1-thread-5] c.d.c.service.EmailNotificationService   : Sending notification to owner of 83d6f7d0-ed8b-42fe-aef7-120d51c6073d: Amount of 9 has been received from Account number 6e008cd0-6450-4333-96e3-09dba083a809
2024-07-07 21:56:25.608  INFO 28088 --- [pool-1-thread-3] c.d.c.service.EmailNotificationService   : Sending notification to owner of 6e008cd0-6450-4333-96e3-09dba083a809: Amount of 2 has to sent to Account number 83d6f7d0-ed8b-42fe-aef7-120d51c6073d
2024-07-07 21:56:25.608  INFO 28088 --- [pool-1-thread-3] c.d.c.service.EmailNotificationService   : Sending notification to owner of 83d6f7d0-ed8b-42fe-aef7-120d51c6073d: Amount of 2 has been received from Account number 6e008cd0-6450-4333-96e3-09dba083a809
2024-07-07 21:56:25.608  INFO 28088 --- [pool-1-thread-2] c.d.c.service.EmailNotificationService   : Sending notification to owner of 6e008cd0-6450-4333-96e3-09dba083a809: Amount of 3 has to sent to Account number 83d6f7d0-ed8b-42fe-aef7-120d51c6073d
2024-07-07 21:56:25.608  INFO 28088 --- [pool-1-thread-2] c.d.c.service.EmailNotificationService   : Sending notification to owner of 83d6f7d0-ed8b-42fe-aef7-120d51c6073d: Amount of 3 has been received from Account number 6e008cd0-6450-4333-96e3-09dba083a809
2024-07-07 21:56:25.608  INFO 28088 --- [pool-1-thread-3] c.d.c.service.EmailNotificationService   : Sending notification to owner of 6e008cd0-6450-4333-96e3-09dba083a809: Amount of 8 has to sent to Account number 83d6f7d0-ed8b-42fe-aef7-120d51c6073d
2024-07-07 21:56:25.608  INFO 28088 --- [pool-1-thread-3] c.d.c.service.EmailNotificationService   : Sending notification to owner of 83d6f7d0-ed8b-42fe-aef7-120d51c6073d: Amount of 8 has been received from Account number 6e008cd0-6450-4333-96e3-09dba083a809
2024-07-07 21:56:25.608  INFO 28088 --- [pool-1-thread-5] c.d.c.service.EmailNotificationService   : Sending notification to owner of 6e008cd0-6450-4333-96e3-09dba083a809: Amount of 2 has to sent to Account number 83d6f7d0-ed8b-42fe-aef7-120d51c6073d
2024-07-07 21:56:25.608  INFO 28088 --- [pool-1-thread-5] c.d.c.service.EmailNotificationService   : Sending notification to owner of 83d6f7d0-ed8b-42fe-aef7-120d51c6073d: Amount of 2 has been received from Account number 6e008cd0-6450-4333-96e3-09dba083a809
2024-07-07 21:56:25.608  INFO 28088 --- [pool-1-thread-4] c.d.c.service.EmailNotificationService   : Sending notification to owner of 6e008cd0-6450-4333-96e3-09dba083a809: Amount of 6 has to sent to Account number 83d6f7d0-ed8b-42fe-aef7-120d51c6073d
2024-07-07 21:56:25.608  INFO 28088 --- [pool-1-thread-4] c.d.c.service.EmailNotificationService   : Sending notification to owner of 83d6f7d0-ed8b-42fe-aef7-120d51c6073d: Amount of 6 has been received from Account number 6e008cd0-6450-4333-96e3-09dba083a809
2024-07-07 21:56:25.608  INFO 28088 --- [pool-1-thread-6] c.d.c.service.EmailNotificationService   : Sending notification to owner of 6e008cd0-6450-4333-96e3-09dba083a809: Amount of 2 has to sent to Account number 83d6f7d0-ed8b-42fe-aef7-120d51c6073d
2024-07-07 21:56:25.608  INFO 28088 --- [pool-1-thread-6] c.d.c.service.EmailNotificationService   : Sending notification to owner of 83d6f7d0-ed8b-42fe-aef7-120d51c6073d: Amount of 2 has been received from Account number 6e008cd0-6450-4333-96e3-09dba083a809
2024-07-07 21:56:25.608  INFO 28088 --- [pool-1-thread-7] c.d.c.service.EmailNotificationService   : Sending notification to owner of 6e008cd0-6450-4333-96e3-09dba083a809: Amount of 6 has to sent to Account number 83d6f7d0-ed8b-42fe-aef7-120d51c6073d
2024-07-07 21:56:25.608  INFO 28088 --- [pool-1-thread-7] c.d.c.service.EmailNotificationService   : Sending notification to owner of 83d6f7d0-ed8b-42fe-aef7-120d51c6073d: Amount of 6 has been received from Account number 6e008cd0-6450-4333-96e3-09dba083a809
2024-07-07 21:56:25.608  INFO 28088 --- [pool-1-thread-8] c.d.c.service.EmailNotificationService   : Sending notification to owner of 6e008cd0-6450-4333-96e3-09dba083a809: Amount of 6 has to sent to Account number 83d6f7d0-ed8b-42fe-aef7-120d51c6073d
2024-07-07 21:56:25.608  INFO 28088 --- [pool-1-thread-8] c.d.c.service.EmailNotificationService   : Sending notification to owner of 83d6f7d0-ed8b-42fe-aef7-120d51c6073d: Amount of 6 has been received from Account number 6e008cd0-6450-4333-96e3-09dba083a809
2024-07-07 21:56:25.608  INFO 28088 --- [pool-1-thread-9] c.d.c.service.EmailNotificationService   : Sending notification to owner of 6e008cd0-6450-4333-96e3-09dba083a809: Amount of 2 has to sent to Account number 83d6f7d0-ed8b-42fe-aef7-120d51c6073d
2024-07-07 21:56:25.608  INFO 28088 --- [pool-1-thread-9] c.d.c.service.EmailNotificationService   : Sending notification to owner of 83d6f7d0-ed8b-42fe-aef7-120d51c6073d: Amount of 2 has been received from Account number 6e008cd0-6450-4333-96e3-09dba083a809
2024-07-07 21:56:25.608  INFO 28088 --- [ool-1-thread-10] c.d.c.service.EmailNotificationService   : Sending notification to owner of 6e008cd0-6450-4333-96e3-09dba083a809: Amount of 5 has to sent to Account number 83d6f7d0-ed8b-42fe-aef7-120d51c6073d
2024-07-07 21:56:25.608  INFO 28088 --- [ool-1-thread-10] c.d.c.service.EmailNotificationService   : Sending notification to owner of 83d6f7d0-ed8b-42fe-aef7-120d51c6073d: Amount of 5 has been received from Account number 6e008cd0-6450-4333-96e3-09dba083a809
2024-07-07 21:56:25.608  INFO 28088 --- [pool-1-thread-1] c.d.c.service.EmailNotificationService   : Sending notification to owner of 6e008cd0-6450-4333-96e3-09dba083a809: Amount of 2 has to sent to Account number 83d6f7d0-ed8b-42fe-aef7-120d51c6073d
2024-07-07 21:56:25.608  INFO 28088 --- [pool-1-thread-1] c.d.c.service.EmailNotificationService   : Sending notification to owner of 83d6f7d0-ed8b-42fe-aef7-120d51c6073d: Amount of 2 has been received from Account number 6e008cd0-6450-4333-96e3-09dba083a809
2024-07-07 21:56:25.608  INFO 28088 --- [ool-1-thread-10] c.d.c.service.EmailNotificationService   : Sending notification to owner of 6e008cd0-6450-4333-96e3-09dba083a809: Amount of 1 has to sent to Account number 83d6f7d0-ed8b-42fe-aef7-120d51c6073d
2024-07-07 21:56:25.608  INFO 28088 --- [ool-1-thread-10] c.d.c.service.EmailNotificationService   : Sending notification to owner of 83d6f7d0-ed8b-42fe-aef7-120d51c6073d: Amount of 1 has been received from Account number 6e008cd0-6450-4333-96e3-09dba083a809
2024-07-07 21:56:25.608  INFO 28088 --- [pool-1-thread-9] c.d.c.service.EmailNotificationService   : Sending notification to owner of 6e008cd0-6450-4333-96e3-09dba083a809: Amount of 6 has to sent to Account number 83d6f7d0-ed8b-42fe-aef7-120d51c6073d
2024-07-07 21:56:25.608  INFO 28088 --- [pool-1-thread-9] c.d.c.service.EmailNotificationService   : Sending notification to owner of 83d6f7d0-ed8b-42fe-aef7-120d51c6073d: Amount of 6 has been received from Account number 6e008cd0-6450-4333-96e3-09dba083a809
2024-07-07 21:56:25.608  INFO 28088 --- [pool-1-thread-8] c.d.c.service.EmailNotificationService   : Sending notification to owner of 6e008cd0-6450-4333-96e3-09dba083a809: Amount of 7 has to sent to Account number 83d6f7d0-ed8b-42fe-aef7-120d51c6073d
2024-07-07 21:56:25.608  INFO 28088 --- [pool-1-thread-8] c.d.c.service.EmailNotificationService   : Sending notification to owner of 83d6f7d0-ed8b-42fe-aef7-120d51c6073d: Amount of 7 has been received from Account number 6e008cd0-6450-4333-96e3-09dba083a809
2024-07-07 21:56:25.608  INFO 28088 --- [pool-1-thread-7] c.d.c.service.EmailNotificationService   : Sending notification to owner of 6e008cd0-6450-4333-96e3-09dba083a809: Amount of 5 has to sent to Account number 83d6f7d0-ed8b-42fe-aef7-120d51c6073d
2024-07-07 21:56:25.608  INFO 28088 --- [pool-1-thread-7] c.d.c.service.EmailNotificationService   : Sending notification to owner of 83d6f7d0-ed8b-42fe-aef7-120d51c6073d: Amount of 5 has been received from Account number 6e008cd0-6450-4333-96e3-09dba083a809
2024-07-07 21:56:25.608  INFO 28088 --- [pool-1-thread-6] c.d.c.service.EmailNotificationService   : Sending notification to owner of 6e008cd0-6450-4333-96e3-09dba083a809: Amount of 8 has to sent to Account number 83d6f7d0-ed8b-42fe-aef7-120d51c6073d
2024-07-07 21:56:25.608  INFO 28088 --- [pool-1-thread-6] c.d.c.service.EmailNotificationService   : Sending notification to owner of 83d6f7d0-ed8b-42fe-aef7-120d51c6073d: Amount of 8 has been received from Account number 6e008cd0-6450-4333-96e3-09dba083a809
2024-07-07 21:56:25.608  INFO 28088 --- [pool-1-thread-4] c.d.c.service.EmailNotificationService   : Sending notification to owner of 6e008cd0-6450-4333-96e3-09dba083a809: Amount of 8 has to sent to Account number 83d6f7d0-ed8b-42fe-aef7-120d51c6073d
2024-07-07 21:56:25.608  INFO 28088 --- [pool-1-thread-4] c.d.c.service.EmailNotificationService   : Sending notification to owner of 83d6f7d0-ed8b-42fe-aef7-120d51c6073d: Amount of 8 has been received from Account number 6e008cd0-6450-4333-96e3-09dba083a809
2024-07-07 21:56:25.608  INFO 28088 --- [pool-1-thread-5] c.d.c.service.EmailNotificationService   : Sending notification to owner of 6e008cd0-6450-4333-96e3-09dba083a809: Amount of 7 has to sent to Account number 83d6f7d0-ed8b-42fe-aef7-120d51c6073d
2024-07-07 21:56:25.608  INFO 28088 --- [pool-1-thread-5] c.d.c.service.EmailNotificationService   : Sending notification to owner of 83d6f7d0-ed8b-42fe-aef7-120d51c6073d: Amount of 7 has been received from Account number 6e008cd0-6450-4333-96e3-09dba083a809
2024-07-07 21:56:25.608  INFO 28088 --- [pool-1-thread-3] c.d.c.service.EmailNotificationService   : Sending notification to owner of 6e008cd0-6450-4333-96e3-09dba083a809: Amount of 3 has to sent to Account number 83d6f7d0-ed8b-42fe-aef7-120d51c6073d
2024-07-07 21:56:25.608  INFO 28088 --- [pool-1-thread-3] c.d.c.service.EmailNotificationService   : Sending notification to owner of 83d6f7d0-ed8b-42fe-aef7-120d51c6073d: Amount of 3 has been received from Account number 6e008cd0-6450-4333-96e3-09dba083a809
2024-07-07 21:56:25.608  INFO 28088 --- [pool-1-thread-2] c.d.c.service.EmailNotificationService   : Sending notification to owner of 6e008cd0-6450-4333-96e3-09dba083a809: Amount of 9 has to sent to Account number 83d6f7d0-ed8b-42fe-aef7-120d51c6073d
2024-07-07 21:56:25.608  INFO 28088 --- [pool-1-thread-2] c.d.c.service.EmailNotificationService   : Sending notification to owner of 83d6f7d0-ed8b-42fe-aef7-120d51c6073d: Amount of 9 has been received from Account number 6e008cd0-6450-4333-96e3-09dba083a809
2024-07-07 21:56:25.608  INFO 28088 --- [pool-1-thread-3] c.d.c.service.EmailNotificationService   : Sending notification to owner of 6e008cd0-6450-4333-96e3-09dba083a809: Amount of 5 has to sent to Account number 83d6f7d0-ed8b-42fe-aef7-120d51c6073d
2024-07-07 21:56:25.608  INFO 28088 --- [pool-1-thread-3] c.d.c.service.EmailNotificationService   : Sending notification to owner of 83d6f7d0-ed8b-42fe-aef7-120d51c6073d: Amount of 5 has been received from Account number 6e008cd0-6450-4333-96e3-09dba083a809
]]></system-out>
  <system-err><![CDATA[]]></system-err>
</testsuite>
